#
# There is insufficient memory for the Java Runtime Environment to continue.
# Native memory allocation (malloc) failed to allocate 32744 bytes for ChunkPool::allocate
# Possible reasons:
#   The system is out of physical RAM or swap space
#   The process is running with CompressedOops enabled, and the Java Heap may be blocking the growth of the native heap
# Possible solutions:
#   Reduce memory load on the system
#   Increase physical memory or swap space
#   Check if swap backing store is full
#   Decrease Java heap size (-Xmx/-Xms)
#   Decrease number of Java threads
#   Decrease Java thread stack sizes (-Xss)
#   Set larger code cache with -XX:ReservedCodeCacheSize=
#   JVM is running with Unscaled Compressed Oops mode in which the Java heap is
#     placed in the first 4GB address space. The Java Heap base address is the
#     maximum limit for the native heap growth. Please use -XX:HeapBaseMinAddress
#     to set the Java Heap base and to place the Java Heap above 4GB virtual address.
# This output file may be truncated or incomplete.
#
#  Out of Memory Error (allocation.cpp:272), pid=26124, tid=0x0000000000006814
#
# JRE version: Java(TM) SE Runtime Environment (8.0_271-b09) (build 1.8.0_271-b09)
# Java VM: Java HotSpot(TM) 64-Bit Server VM (25.271-b09 mixed mode windows-amd64 compressed oops)
# Failed to write core dump. Minidumps are not enabled by default on client versions of Windows
#

---------------  T H R E A D  ---------------

Current thread (0x00000205966bf000):  JavaThread "C1 CompilerThread2" daemon [_thread_in_native, id=26644, stack(0x000000c1aaa00000,0x000000c1aab00000)]

Stack: [0x000000c1aaa00000,0x000000c1aab00000]
Native frames: (J=compiled Java code, j=interpreted, Vv=VM code, C=native code)
V  [jvm.dll+0x33f6c9]
V  [jvm.dll+0x286122]
V  [jvm.dll+0x286dcd]
V  [jvm.dll+0x27d805]
V  [jvm.dll+0xe5bed]
V  [jvm.dll+0xe5f4c]
V  [jvm.dll+0x408e13]
V  [jvm.dll+0x408ed7]
V  [jvm.dll+0x40b5d9]
V  [jvm.dll+0x40d5b9]
V  [jvm.dll+0x3f102f]
V  [jvm.dll+0x3f089d]
V  [jvm.dll+0x3f0a7e]
V  [jvm.dll+0x3f01d1]
V  [jvm.dll+0x3f1c0f]
V  [jvm.dll+0xbc3eb]
V  [jvm.dll+0xbaa4b]
V  [jvm.dll+0x24e7c2]
V  [jvm.dll+0x2a2dcc]
C  [ucrtbase.dll+0x21bb2]
C  [KERNEL32.DLL+0x17034]
C  [ntdll.dll+0x4d241]


Current CompileTask:
C1:  29292 1894   !   3       org.testng.shaded.com.google.gson.Gson::getAdapter (258 bytes)


---------------  P R O C E S S  ---------------

Java Threads: ( => current thread )
  0x000002059877a800 JavaThread "Keep-Alive-Timer" daemon [_thread_blocked, id=25144, stack(0x000000c1ab800000,0x000000c1ab900000)]
  0x00000205983a4000 JavaThread "Exec Stream Pumper" daemon [_thread_in_native, id=12544, stack(0x000000c1ab700000,0x000000c1ab800000)]
  0x00000205983a3000 JavaThread "Exec Stream Pumper" daemon [_thread_in_native, id=26136, stack(0x000000c1ab600000,0x000000c1ab700000)]
  0x00000205983a2800 JavaThread "Exec Default Executor" daemon [_thread_in_native, id=20532, stack(0x000000c1ab300000,0x000000c1ab400000)]
  0x00000205983dc000 JavaThread "Okio Watchdog" daemon [_thread_blocked, id=25348, stack(0x000000c1ab500000,0x000000c1ab600000)]
  0x00000205983f5800 JavaThread "OkHttp ConnectionPool" daemon [_thread_blocked, id=21400, stack(0x000000c1ab400000,0x000000c1ab500000)]
  0x0000020597bfe000 JavaThread "Exec Stream Pumper" daemon [_thread_in_native, id=25160, stack(0x000000c1ab200000,0x000000c1ab300000)]
  0x0000020597d97000 JavaThread "Exec Stream Pumper" daemon [_thread_in_native, id=26516, stack(0x000000c1ab100000,0x000000c1ab200000)]
  0x0000020597d96800 JavaThread "UrlChecker-2" daemon [_thread_blocked, id=14088, stack(0x000000c1ab000000,0x000000c1ab100000)]
  0x0000020598546000 JavaThread "Exec Default Executor" daemon [_thread_in_native, id=25096, stack(0x000000c1aaf00000,0x000000c1ab000000)]
  0x0000020597778000 JavaThread "ReaderThread" [_thread_in_native, id=25644, stack(0x000000c1aae00000,0x000000c1aaf00000)]
  0x00000205966c2000 JavaThread "Service Thread" daemon [_thread_blocked, id=27496, stack(0x000000c1aab00000,0x000000c1aac00000)]
=>0x00000205966bf000 JavaThread "C1 CompilerThread2" daemon [_thread_in_native, id=26644, stack(0x000000c1aaa00000,0x000000c1aab00000)]
  0x00000205966ba800 JavaThread "C2 CompilerThread1" daemon [_thread_blocked, id=25168, stack(0x000000c1aa900000,0x000000c1aaa00000)]
  0x0000020596662800 JavaThread "C2 CompilerThread0" daemon [_thread_in_native, id=24168, stack(0x000000c1aa800000,0x000000c1aa900000)]
  0x0000020596661800 JavaThread "Attach Listener" daemon [_thread_blocked, id=27104, stack(0x000000c1aa700000,0x000000c1aa800000)]
  0x0000020596660800 JavaThread "Signal Dispatcher" daemon [_thread_blocked, id=24836, stack(0x000000c1aa600000,0x000000c1aa700000)]
  0x000002059663d000 JavaThread "Finalizer" daemon [_thread_blocked, id=25280, stack(0x000000c1aa500000,0x000000c1aa600000)]
  0x0000020596636000 JavaThread "Reference Handler" daemon [_thread_blocked, id=9080, stack(0x000000c1aa400000,0x000000c1aa500000)]
  0x00000205827ff800 JavaThread "main" [_thread_in_vm, id=27528, stack(0x000000c1a9e00000,0x000000c1a9f00000)]

Other Threads:
  0x0000020596613000 VMThread [stack: 0x000000c1aa300000,0x000000c1aa400000] [id=25616]
  0x00000205966f0800 WatcherThread [stack: 0x000000c1aac00000,0x000000c1aad00000] [id=6488]

VM state:not at safepoint (normal execution)

VM Mutex/Monitor currently owned by a thread: None

heap address: 0x00000000c9000000, size: 880 MB, Compressed Oops mode: 32-bit
Narrow klass base: 0x0000000000000000, Narrow klass shift: 3
Compressed class space size: 1073741824 Address: 0x0000000100000000

Heap:
 PSYoungGen      total 16896K, used 9434K [0x00000000edb00000, 0x00000000eed80000, 0x0000000100000000)
  eden space 14848K, 49% used [0x00000000edb00000,0x00000000ee23aaa8,0x00000000ee980000)
  from space 2048K, 99% used [0x00000000eeb80000,0x00000000eed7c040,0x00000000eed80000)
  to   space 2048K, 0% used [0x00000000ee980000,0x00000000ee980000,0x00000000eeb80000)
 ParOldGen       total 38400K, used 8335K [0x00000000c9000000, 0x00000000cb580000, 0x00000000edb00000)
  object space 38400K, 21% used [0x00000000c9000000,0x00000000c9823c98,0x00000000cb580000)
 Metaspace       used 18014K, capacity 18840K, committed 19072K, reserved 1067008K
  class space    used 2221K, capacity 2426K, committed 2432K, reserved 1048576K

Card table byte_map: [0x00000205935d0000,0x0000020593790000] byte_map_base: 0x0000020592f88000

Marking Bits: (ParMarkBitMap*) 0x000000006e6e7fe0
 Begin Bits: [0x00000205938c0000, 0x0000020594680000)
 End Bits:   [0x0000020594680000, 0x0000020595440000)

Polling page: 0x00000205829a0000

CodeCache: size=245760Kb used=6334Kb max_used=6345Kb free=239425Kb
 bounds [0x0000020584210000, 0x0000020584850000, 0x0000020593210000]
 total_blobs=2317 nmethods=1894 adapters=336
 compilation: enabled

Compilation events (10 events):
Event: 29.231 Thread 0x00000205966bf000 nmethod 1890 0x000002058483d150 code [0x000002058483d300, 0x000002058483d760]
Event: 29.231 Thread 0x00000205966bf000 1891       3       org.testng.shaded.com.google.gson.reflect.TypeToken::get (9 bytes)
Event: 29.232 Thread 0x00000205966bf000 nmethod 1891 0x000002058483d950 code [0x000002058483dac0, 0x000002058483dc90]
Event: 29.232 Thread 0x00000205966bf000 1892       3       java.util.Formatter::checkText (58 bytes)
Event: 29.234 Thread 0x00000205966bf000 nmethod 1892 0x000002058483dd50 code [0x000002058483df40, 0x000002058483e850]
Event: 29.236 Thread 0x00000205966bf000 1893       3       java.util.regex.Pattern$BnM::optimize (179 bytes)
Event: 29.236 Thread 0x0000020596662800 nmethod 1888 0x0000020584841d10 code [0x0000020584841e80, 0x0000020584842258]
Event: 29.237 Thread 0x00000205966bf000 nmethod 1893 0x0000020584840890 code [0x0000020584840aa0, 0x0000020584841710]
Event: 29.238 Thread 0x00000205966bf000 1894   !   3       org.testng.shaded.com.google.gson.Gson::getAdapter (258 bytes)
Event: 29.239 Thread 0x0000020596662800 1895 %     4       org.testng.shaded.com.google.gson.stream.JsonWriter::string @ 37 (171 bytes)

GC Heap History (8 events):
Event: 7.446 GC heap before
{Heap before GC invocations=1 (full 0):
 PSYoungGen      total 16896K, used 14848K [0x00000000edb00000, 0x00000000eed80000, 0x0000000100000000)
  eden space 14848K, 100% used [0x00000000edb00000,0x00000000ee980000,0x00000000ee980000)
  from space 2048K, 0% used [0x00000000eeb80000,0x00000000eeb80000,0x00000000eed80000)
  to   space 2048K, 0% used [0x00000000ee980000,0x00000000ee980000,0x00000000eeb80000)
 ParOldGen       total 38400K, used 0K [0x00000000c9000000, 0x00000000cb580000, 0x00000000edb00000)
  object space 38400K, 0% used [0x00000000c9000000,0x00000000c9000000,0x00000000cb580000)
 Metaspace       used 9045K, capacity 9238K, committed 9344K, reserved 1056768K
  class space    used 1039K, capacity 1147K, committed 1152K, reserved 1048576K
Event: 7.467 GC heap after
Heap after GC invocations=1 (full 0):
 PSYoungGen      total 16896K, used 2038K [0x00000000edb00000, 0x00000000eed80000, 0x0000000100000000)
  eden space 14848K, 0% used [0x00000000edb00000,0x00000000edb00000,0x00000000ee980000)
  from space 2048K, 99% used [0x00000000ee980000,0x00000000eeb7db88,0x00000000eeb80000)
  to   space 2048K, 0% used [0x00000000eeb80000,0x00000000eeb80000,0x00000000eed80000)
 ParOldGen       total 38400K, used 1138K [0x00000000c9000000, 0x00000000cb580000, 0x00000000edb00000)
  object space 38400K, 2% used [0x00000000c9000000,0x00000000c911c968,0x00000000cb580000)
 Metaspace       used 9045K, capacity 9238K, committed 9344K, reserved 1056768K
  class space    used 1039K, capacity 1147K, committed 1152K, reserved 1048576K
}
Event: 9.519 GC heap before
{Heap before GC invocations=2 (full 0):
 PSYoungGen      total 16896K, used 16886K [0x00000000edb00000, 0x00000000eed80000, 0x0000000100000000)
  eden space 14848K, 100% used [0x00000000edb00000,0x00000000ee980000,0x00000000ee980000)
  from space 2048K, 99% used [0x00000000ee980000,0x00000000eeb7db88,0x00000000eeb80000)
  to   space 2048K, 0% used [0x00000000eeb80000,0x00000000eeb80000,0x00000000eed80000)
 ParOldGen       total 38400K, used 1138K [0x00000000c9000000, 0x00000000cb580000, 0x00000000edb00000)
  object space 38400K, 2% used [0x00000000c9000000,0x00000000c911c968,0x00000000cb580000)
 Metaspace       used 12917K, capacity 13306K, committed 13440K, reserved 1060864K
  class space    used 1513K, capacity 1617K, committed 1664K, reserved 1048576K
Event: 9.530 GC heap after
Heap after GC invocations=2 (full 0):
 PSYoungGen      total 16896K, used 2032K [0x00000000edb00000, 0x00000000eed80000, 0x0000000100000000)
  eden space 14848K, 0% used [0x00000000edb00000,0x00000000edb00000,0x00000000ee980000)
  from space 2048K, 99% used [0x00000000eeb80000,0x00000000eed7c020,0x00000000eed80000)
  to   space 2048K, 0% used [0x00000000ee980000,0x00000000ee980000,0x00000000eeb80000)
 ParOldGen       total 38400K, used 3541K [0x00000000c9000000, 0x00000000cb580000, 0x00000000edb00000)
  object space 38400K, 9% used [0x00000000c9000000,0x00000000c93755d0,0x00000000cb580000)
 Metaspace       used 12917K, capacity 13306K, committed 13440K, reserved 1060864K
  class space    used 1513K, capacity 1617K, committed 1664K, reserved 1048576K
}
Event: 11.792 GC heap before
{Heap before GC invocations=3 (full 0):
 PSYoungGen      total 16896K, used 16880K [0x00000000edb00000, 0x00000000eed80000, 0x0000000100000000)
  eden space 14848K, 100% used [0x00000000edb00000,0x00000000ee980000,0x00000000ee980000)
  from space 2048K, 99% used [0x00000000eeb80000,0x00000000eed7c020,0x00000000eed80000)
  to   space 2048K, 0% used [0x00000000ee980000,0x00000000ee980000,0x00000000eeb80000)
 ParOldGen       total 38400K, used 3541K [0x00000000c9000000, 0x00000000cb580000, 0x00000000edb00000)
  object space 38400K, 9% used [0x00000000c9000000,0x00000000c93755d0,0x00000000cb580000)
 Metaspace       used 14020K, capacity 14390K, committed 14592K, reserved 1062912K
  class space    used 1645K, capacity 1785K, committed 1792K, reserved 1048576K
Event: 11.802 GC heap after
Heap after GC invocations=3 (full 0):
 PSYoungGen      total 16896K, used 2016K [0x00000000edb00000, 0x00000000eed80000, 0x0000000100000000)
  eden space 14848K, 0% used [0x00000000edb00000,0x00000000edb00000,0x00000000ee980000)
  from space 2048K, 98% used [0x00000000ee980000,0x00000000eeb78020,0x00000000eeb80000)
  to   space 2048K, 0% used [0x00000000eeb80000,0x00000000eeb80000,0x00000000eed80000)
 ParOldGen       total 38400K, used 5824K [0x00000000c9000000, 0x00000000cb580000, 0x00000000edb00000)
  object space 38400K, 15% used [0x00000000c9000000,0x00000000c95b0348,0x00000000cb580000)
 Metaspace       used 14020K, capacity 14390K, committed 14592K, reserved 1062912K
  class space    used 1645K, capacity 1785K, committed 1792K, reserved 1048576K
}
Event: 15.186 GC heap before
{Heap before GC invocations=4 (full 0):
 PSYoungGen      total 16896K, used 16864K [0x00000000edb00000, 0x00000000eed80000, 0x0000000100000000)
  eden space 14848K, 100% used [0x00000000edb00000,0x00000000ee980000,0x00000000ee980000)
  from space 2048K, 98% used [0x00000000ee980000,0x00000000eeb78020,0x00000000eeb80000)
  to   space 2048K, 0% used [0x00000000eeb80000,0x00000000eeb80000,0x00000000eed80000)
 ParOldGen       total 38400K, used 5824K [0x00000000c9000000, 0x00000000cb580000, 0x00000000edb00000)
  object space 38400K, 15% used [0x00000000c9000000,0x00000000c95b0348,0x00000000cb580000)
 Metaspace       used 17086K, capacity 17802K, committed 17920K, reserved 1064960K
  class space    used 2095K, capacity 2301K, committed 2304K, reserved 1048576K
Event: 15.197 GC heap after
Heap after GC invocations=4 (full 0):
 PSYoungGen      total 16896K, used 2032K [0x00000000edb00000, 0x00000000eed80000, 0x0000000100000000)
  eden space 14848K, 0% used [0x00000000edb00000,0x00000000edb00000,0x00000000ee980000)
  from space 2048K, 99% used [0x00000000eeb80000,0x00000000eed7c040,0x00000000eed80000)
  to   space 2048K, 0% used [0x00000000ee980000,0x00000000ee980000,0x00000000eeb80000)
 ParOldGen       total 38400K, used 8335K [0x00000000c9000000, 0x00000000cb580000, 0x00000000edb00000)
  object space 38400K, 21% used [0x00000000c9000000,0x00000000c9823c98,0x00000000cb580000)
 Metaspace       used 17086K, capacity 17802K, committed 17920K, reserved 1064960K
  class space    used 2095K, capacity 2301K, committed 2304K, reserved 1048576K
}

Deoptimization events (10 events):
Event: 14.814 Thread 0x00000205827ff800 Uncommon trap: reason=class_check action=maybe_recompile pc=0x0000020584657a74 method=java.util.regex.Pattern$Curly.match(Ljava/util/regex/Matcher;ILjava/lang/CharSequence;)Z @ 19
Event: 14.842 Thread 0x00000205827ff800 Uncommon trap: reason=class_check action=maybe_recompile pc=0x0000020584657a74 method=java.util.regex.Pattern$Curly.match(Ljava/util/regex/Matcher;ILjava/lang/CharSequence;)Z @ 19
Event: 14.842 Thread 0x00000205827ff800 Uncommon trap: reason=class_check action=maybe_recompile pc=0x0000020584657a74 method=java.util.regex.Pattern$Curly.match(Ljava/util/regex/Matcher;ILjava/lang/CharSequence;)Z @ 19
Event: 15.034 Thread 0x00000205827ff800 Uncommon trap: reason=unstable_if action=reinterpret pc=0x00000205845bb31c method=java.util.regex.Pattern$BmpCharProperty.match(Ljava/util/regex/Matcher;ILjava/lang/CharSequence;)Z @ 34
Event: 25.667 Thread 0x00000205827ff800 Uncommon trap: reason=class_check action=maybe_recompile pc=0x00000205847bd604 method=org.openqa.selenium.json.Input.init()V @ 18
Event: 25.670 Thread 0x00000205827ff800 Uncommon trap: reason=class_check action=maybe_recompile pc=0x00000205847bd604 method=org.openqa.selenium.json.Input.init()V @ 18
Event: 25.670 Thread 0x00000205827ff800 Uncommon trap: reason=class_check action=maybe_recompile pc=0x00000205847bd604 method=org.openqa.selenium.json.Input.init()V @ 18
Event: 25.670 Thread 0x00000205827ff800 Uncommon trap: reason=class_check action=maybe_recompile pc=0x00000205847bd604 method=org.openqa.selenium.json.Input.init()V @ 18
Event: 25.790 Thread 0x00000205827ff800 Uncommon trap: reason=unstable_if action=reinterpret pc=0x00000205847d13b0 method=java.util.concurrent.ConcurrentHashMap.putVal(Ljava/lang/Object;Ljava/lang/Object;Z)Ljava/lang/Object; @ 181
Event: 29.041 Thread 0x00000205827ff800 Uncommon trap: reason=unstable_if action=reinterpret pc=0x000002058454ac24 method=java.util.concurrent.ConcurrentHashMap.get(Ljava/lang/Object;)Ljava/lang/Object; @ 152

Classes redefined (0 events):
No events

Internal exceptions (10 events):
Event: 12.986 Thread 0x0000020597d96800 Exception <a 'java/net/SocketTimeoutException': connect timed out> (0x00000000edc536d0) thrown at [C:\jenkins\workspace\8-2-build-windows-amd64-cygwin\jdk8u271\605\hotspot\src\share\vm\prims\jni.cpp, line 737]
Event: 13.507 Thread 0x0000020597d96800 Exception <a 'java/net/SocketTimeoutException': connect timed out> (0x00000000edc54bb0) thrown at [C:\jenkins\workspace\8-2-build-windows-amd64-cygwin\jdk8u271\605\hotspot\src\share\vm\prims\jni.cpp, line 737]
Event: 14.049 Thread 0x0000020597d96800 Exception <a 'java/net/SocketTimeoutException': connect timed out> (0x00000000edc56090) thrown at [C:\jenkins\workspace\8-2-build-windows-amd64-cygwin\jdk8u271\605\hotspot\src\share\vm\prims\jni.cpp, line 737]
Event: 14.226 Thread 0x00000205827ff800 Exception <a 'java/lang/IncompatibleClassChangeError': Found class java.lang.Object, but interface was expected> (0x00000000edd56650) thrown at [C:\jenkins\workspace\8-2-build-windows-amd64-cygwin\jdk8u271\605\hotspot\src\share\vm\interpreter\linkResolver
Event: 14.233 Thread 0x00000205827ff800 Exception <a 'java/lang/NoSuchMethodError': java.lang.Object.lambda$or$2(Ljava/util/function/Predicate;Ljava/lang/Object;)Z> (0x00000000edd60818) thrown at [C:\jenkins\workspace\8-2-build-windows-amd64-cygwin\jdk8u271\605\hotspot\src\share\vm\interpreter\
Event: 14.553 Thread 0x00000205827ff800 Exception <a 'java/lang/NoSuchMethodError': java.lang.Object.lambda$chars$0()Ljava/util/Spliterator$OfInt;> (0x00000000ee088e30) thrown at [C:\jenkins\workspace\8-2-build-windows-amd64-cygwin\jdk8u271\605\hotspot\src\share\vm\interpreter\linkResolver.cpp,
Event: 25.747 Thread 0x00000205827ff800 Exception <a 'java/lang/NoSuchMethodError': java.lang.Object.lambda$getResponseFunction$0(Lorg/openqa/selenium/remote/InitialHandshakeResponse;)Lorg/openqa/selenium/remote/ProtocolHandshake$Result;> (0x00000000edc05fb0) thrown at [C:\jenkins\workspace\8-2
Event: 26.804 Thread 0x0000020597d96800 Exception <a 'java/net/SocketTimeoutException': connect timed out> (0x00000000edd903d8) thrown at [C:\jenkins\workspace\8-2-build-windows-amd64-cygwin\jdk8u271\605\hotspot\src\share\vm\prims\jni.cpp, line 737]
Event: 27.317 Thread 0x0000020597d96800 Exception <a 'java/net/SocketTimeoutException': connect timed out> (0x00000000edd91868) thrown at [C:\jenkins\workspace\8-2-build-windows-amd64-cygwin\jdk8u271\605\hotspot\src\share\vm\prims\jni.cpp, line 737]
Event: 28.954 Thread 0x00000205827ff800 Exception <a 'java/lang/reflect/InvocationTargetException'> (0x00000000edeb73e0) thrown at [C:\jenkins\workspace\8-2-build-windows-amd64-cygwin\jdk8u271\605\hotspot\src\share\vm\runtime\reflection.cpp, line 1092]

Events (10 events):
Event: 29.134 loading class org/testng/ITestResult
Event: 29.134 loading class org/testng/ITestResult done
Event: 29.135 loading class org/testng/ITestResult
Event: 29.135 loading class org/testng/ITestResult done
Event: 29.141 loading class java/util/concurrent/ConcurrentLinkedQueue$Itr
Event: 29.142 loading class java/util/concurrent/ConcurrentLinkedQueue$Itr done
Event: 29.224 Thread 0x00000205827ff800 DEOPT PACKING pc=0x00000205848135f3 sp=0x000000c1a9efdda0
Event: 29.224 Thread 0x00000205827ff800 DEOPT UNPACKING pc=0x0000020584257498 sp=0x000000c1a9efdba8 mode 0
Event: 29.239 Thread 0x00000205827ff800 DEOPT PACKING pc=0x00000205848135f3 sp=0x000000c1a9efdda0
Event: 29.239 Thread 0x00000205827ff800 DEOPT UNPACKING pc=0x0000020584257498 sp=0x000000c1a9efdba8 mode 0


Dynamic libraries:
0x00007ff7d4290000 - 0x00007ff7d42d7000 	C:\Program Files\Java\jdk1.8.0_271\bin\javaw.exe
0x00007fff7a970000 - 0x00007fff7ab66000 	C:\WINDOWS\SYSTEM32\ntdll.dll
0x00007fff78be0000 - 0x00007fff78c9d000 	C:\WINDOWS\System32\KERNEL32.DLL
0x00007fff78470000 - 0x00007fff78739000 	C:\WINDOWS\System32\KERNELBASE.dll
0x00007fff74db0000 - 0x00007fff74e40000 	C:\WINDOWS\SYSTEM32\apphelp.dll
0x00007fff7a1b0000 - 0x00007fff7a25c000 	C:\WINDOWS\System32\ADVAPI32.dll
0x00007fff7a260000 - 0x00007fff7a2fe000 	C:\WINDOWS\System32\msvcrt.dll
0x00007fff79610000 - 0x00007fff796ac000 	C:\WINDOWS\System32\sechost.dll
0x00007fff79400000 - 0x00007fff7952b000 	C:\WINDOWS\System32\RPCRT4.dll
0x00007fff79e00000 - 0x00007fff79fa0000 	C:\WINDOWS\System32\USER32.dll
0x00007fff780b0000 - 0x00007fff780d2000 	C:\WINDOWS\System32\win32u.dll
0x00007fff78ef0000 - 0x00007fff78f1a000 	C:\WINDOWS\System32\GDI32.dll
0x00007fff78790000 - 0x00007fff7889b000 	C:\WINDOWS\System32\gdi32full.dll
0x00007fff782d0000 - 0x00007fff7836d000 	C:\WINDOWS\System32\msvcp_win.dll
0x00007fff78370000 - 0x00007fff78470000 	C:\WINDOWS\System32\ucrtbase.dll
0x00007fff5fc50000 - 0x00007fff5feeb000 	C:\WINDOWS\WinSxS\amd64_microsoft.windows.common-controls_6595b64144ccf1df_6.0.19041.746_none_ca02b4b61b8320a4\COMCTL32.dll
0x00007fff78d90000 - 0x00007fff78dc0000 	C:\WINDOWS\System32\IMM32.DLL
0x00007fff6c570000 - 0x00007fff6c585000 	C:\Program Files\Java\jdk1.8.0_271\jre\bin\vcruntime140.dll
0x00007fff436c0000 - 0x00007fff4375b000 	C:\Program Files\Java\jdk1.8.0_271\jre\bin\msvcp140.dll
0x000000006def0000 - 0x000000006e75f000 	C:\Program Files\Java\jdk1.8.0_271\jre\bin\server\jvm.dll
0x00007fff78d20000 - 0x00007fff78d28000 	C:\WINDOWS\System32\PSAPI.DLL
0x00007fff562a0000 - 0x00007fff562a9000 	C:\WINDOWS\SYSTEM32\WSOCK32.dll
0x00007fff78f80000 - 0x00007fff78feb000 	C:\WINDOWS\System32\WS2_32.dll
0x00007fff566a0000 - 0x00007fff566c7000 	C:\WINDOWS\SYSTEM32\WINMM.dll
0x00007fff6daa0000 - 0x00007fff6daaa000 	C:\WINDOWS\SYSTEM32\VERSION.dll
0x00007fff76980000 - 0x00007fff76992000 	C:\WINDOWS\SYSTEM32\kernel.appcore.dll
0x00007fff706c0000 - 0x00007fff706d0000 	C:\Program Files\Java\jdk1.8.0_271\jre\bin\verify.dll
0x00007fff5ef20000 - 0x00007fff5ef4b000 	C:\Program Files\Java\jdk1.8.0_271\jre\bin\java.dll
0x00007fff5ee90000 - 0x00007fff5eea8000 	C:\Program Files\Java\jdk1.8.0_271\jre\bin\zip.dll
0x00007fff796b0000 - 0x00007fff79df2000 	C:\WINDOWS\System32\SHELL32.dll
0x00007fff75e50000 - 0x00007fff765e0000 	C:\WINDOWS\SYSTEM32\windows.storage.dll
0x00007fff790a0000 - 0x00007fff793f6000 	C:\WINDOWS\System32\combase.dll
0x00007fff77b10000 - 0x00007fff77b3c000 	C:\WINDOWS\SYSTEM32\Wldp.dll
0x00007fff78ff0000 - 0x00007fff7909e000 	C:\WINDOWS\System32\SHCORE.dll
0x00007fff78f20000 - 0x00007fff78f75000 	C:\WINDOWS\System32\shlwapi.dll
0x00007fff77fe0000 - 0x00007fff78006000 	C:\WINDOWS\SYSTEM32\profapi.dll
0x00007fff58400000 - 0x00007fff5841c000 	C:\Program Files\Java\jdk1.8.0_271\jre\bin\net.dll
0x00007fff77890000 - 0x00007fff778fa000 	C:\WINDOWS\system32\mswsock.dll
0x00007fff77580000 - 0x00007fff7764b000 	C:\WINDOWS\SYSTEM32\DNSAPI.dll
0x00007fff77530000 - 0x00007fff7756b000 	C:\WINDOWS\SYSTEM32\IPHLPAPI.DLL
0x00007fff79fb0000 - 0x00007fff79fb8000 	C:\WINDOWS\System32\NSI.dll
0x00007fff6fa70000 - 0x00007fff6fa7a000 	C:\Windows\System32\rasadhlp.dll
0x00007fff66d50000 - 0x00007fff66dcf000 	C:\WINDOWS\System32\fwpuclnt.dll
0x00007fff78240000 - 0x00007fff78267000 	C:\WINDOWS\System32\bcrypt.dll
0x00007fff77a60000 - 0x00007fff77a78000 	C:\WINDOWS\SYSTEM32\CRYPTSP.dll
0x00007fff771c0000 - 0x00007fff771f4000 	C:\WINDOWS\system32\rsaenh.dll
0x00007fff77f60000 - 0x00007fff77f8e000 	C:\WINDOWS\SYSTEM32\USERENV.dll
0x00007fff78950000 - 0x00007fff789d0000 	C:\WINDOWS\System32\bcryptprimitives.dll
0x00007fff77a80000 - 0x00007fff77a8c000 	C:\WINDOWS\SYSTEM32\CRYPTBASE.dll
0x00007fff6c280000 - 0x00007fff6c297000 	C:\WINDOWS\SYSTEM32\dhcpcsvc6.DLL
0x00007fff6e490000 - 0x00007fff6e4ad000 	C:\WINDOWS\SYSTEM32\dhcpcsvc.DLL
0x00007fff58330000 - 0x00007fff58343000 	C:\Program Files\Java\jdk1.8.0_271\jre\bin\nio.dll
0x00007fff57de0000 - 0x00007fff57e04000 	C:\Program Files\Java\jdk1.8.0_271\jre\bin\sunec.dll
0x00007fff5eef0000 - 0x00007fff5eefd000 	C:\Program Files\Java\jdk1.8.0_271\jre\bin\sunmscapi.dll
0x00007fff780e0000 - 0x00007fff78236000 	C:\WINDOWS\System32\CRYPT32.dll
0x00007fff77b80000 - 0x00007fff77ba7000 	C:\WINDOWS\SYSTEM32\ncrypt.dll
0x00007fff77b40000 - 0x00007fff77b7b000 	C:\WINDOWS\SYSTEM32\NTASN1.dll
0x00007fff594a0000 - 0x00007fff594b7000 	C:\WINDOWS\system32\napinsp.dll
0x00007fff59480000 - 0x00007fff5949b000 	C:\WINDOWS\system32\pnrpnsp.dll
0x00007fff72c50000 - 0x00007fff72c65000 	C:\WINDOWS\system32\wshbth.dll
0x00007fff74d60000 - 0x00007fff74d7d000 	C:\WINDOWS\system32\NLAapi.dll
0x00007fff59460000 - 0x00007fff59472000 	C:\WINDOWS\System32\winrnr.dll
0x00007fff766b0000 - 0x00007fff76894000 	C:\WINDOWS\SYSTEM32\dbghelp.dll

VM Arguments:
jvm_args: -ea -Dfile.encoding=Cp1252 
java_command: org.testng.remote.RemoteTestNG -serport 54672 -protocol json -d C:\Users\swati\eclipse-workspace\GroverAutomation\test-output C:\Users\swati\AppData\Local\Temp\testng-eclipse--97550486\testng-customsuite.xml
java_class_path (initial): C:\Users\swati\eclipse\java-2020-09\eclipse\configuration\org.eclipse.osgi\431\0\.cp\lib\testng-remote.jar;C:\Users\swati\eclipse-workspace\GroverAutomation\target\test-classes;C:\Users\swati\eclipse-workspace\GroverAutomation\target\classes;C:\Users\swati\.m2\repository\org\seleniumhq\selenium\selenium-java\3.141.59\selenium-java-3.141.59.jar;C:\Users\swati\.m2\repository\org\seleniumhq\selenium\selenium-api\3.141.59\selenium-api-3.141.59.jar;C:\Users\swati\.m2\repository\org\seleniumhq\selenium\selenium-chrome-driver\3.141.59\selenium-chrome-driver-3.141.59.jar;C:\Users\swati\.m2\repository\org\seleniumhq\selenium\selenium-edge-driver\3.141.59\selenium-edge-driver-3.141.59.jar;C:\Users\swati\.m2\repository\org\seleniumhq\selenium\selenium-firefox-driver\3.141.59\selenium-firefox-driver-3.141.59.jar;C:\Users\swati\.m2\repository\org\seleniumhq\selenium\selenium-ie-driver\3.141.59\selenium-ie-driver-3.141.59.jar;C:\Users\swati\.m2\repository\org\seleniumhq\selenium\selenium-opera-driver\3.141.59\selenium-opera-driver-3.141.59.jar;C:\Users\swati\.m2\repository\org\seleniumhq\selenium\selenium-remote-driver\3.141.59\selenium-remote-driver-3.141.59.jar;C:\Users\swati\.m2\repository\org\seleniumhq\selenium\selenium-safari-driver\3.141.59\selenium-safari-driver-3.141.59.jar;C:\Users\swati\.m2\repository\org\seleniumhq\selenium\selenium-support\3.141.59\selenium-support-3.141.59.jar;C:\Users\swati\.m2\repository\net\bytebuddy\byte-buddy\1.8.15\byte-buddy-1.8.15.jar;C:\Users\swati\.m2\repository\org\apache\commons\commons-exec\1.3\commons-exec-1.3.jar;C:\Users\swati\.m2\repository\com\google\guava\guava\25.0-jre\guava-25.0-jre.jar;C:\Users\swati\.m2\repository\com\google\code\findbugs\jsr305\1.3.9\jsr305-1.3.9.jar;C:\Users\swati\.m2\repository\org\checkerframework\checker-compat-qual\2.0.0\checker-compat-qual-2.0.0.jar;C:\Users\swati\.m2\repository\com\google\errorprone\error_prone_annotations\2.1.3\error_prone_annotations-2.1.3.jar;C:\Users\sw
Launcher Type: SUN_STANDARD

Environment Variables:
JAVA_HOME=C:\Program Files\Java\jdk1.8.0_271
PATH=C:/Users/swati/.p2/pool/plugins/org.eclipse.justj.openjdk.hotspot.jre.full.win32.x86_64_14.0.2.v20200815-0932/jre/bin/server;C:/Users/swati/.p2/pool/plugins/org.eclipse.justj.openjdk.hotspot.jre.full.win32.x86_64_14.0.2.v20200815-0932/jre/bin;C:\Users\swati\AppData\Local\Android\Sdk\platform-tools;C:\Users\swati\AppData\Local\Android\Sdk\tools;C:\Users\swati\AppData\Local\Android\Sdk\tools\bin;C:\Program Files (x86)\Common Files\Oracle\Java\javapath;C:\WINDOWS\system32;C:\WINDOWS;C:\WINDOWS\System32\Wbem;C:\WINDOWS\System32\WindowsPowerShell\v1.0\;C:\WINDOWS\System32\OpenSSH\;C:\Program Files\Java\jdk1.8.0_271\bin;C:\Program Files\Microsoft SQL Server\130\Tools\Binn\;%MAVEN_HOME%\bin;%M2_HOME%\bin;C:\Program Files\Git\cmd;C:\Users\swati\AppData\Local\Microsoft\WindowsApps;C:\Users\swati\AppData\Local\GitHubDesktop\bin;C:\Users\swati\AppData\Local\Microsoft\WindowsApps;C:\Document\Software\flutter_windows_1.22.6-stable (1)\flutter\bin;C:\WINDOWS\system32;
USERNAME=swati
OS=Windows_NT
PROCESSOR_IDENTIFIER=Intel64 Family 6 Model 142 Stepping 10, GenuineIntel



---------------  S Y S T E M  ---------------

OS: Windows 10.0 , 64 bit Build 19041 (10.0.19041.804)

CPU:total 4 (initial active 4) (2 cores per cpu, 2 threads per core) family 6 model 142 stepping 10, cmov, cx8, fxsr, mmx, sse, sse2, sse3, ssse3, sse4.1, sse4.2, popcnt, aes, clmul, erms, 3dnowpref, lzcnt, ht, tsc, tscinvbit

Memory: 4k page, physical 3602364k(65364k free), swap 14612412k(0k free)

vm_info: Java HotSpot(TM) 64-Bit Server VM (25.271-b09) for windows-amd64 JRE (1.8.0_271-b09), built on Sep 16 2020 19:14:59 by "" with MS VC++ 15.9 (VS2017)

time: Thu Mar 11 04:15:51 2021
timezone: W. Europe Standard Time
elapsed time: 29.309204 seconds (0d 0h 0m 29s)

